[debug] [2024-03-22T14:24:24.754Z] ----------------------------------------------------------------------
[debug] [2024-03-22T14:24:25.089Z] Command:       C:\Program Files\nodejs\node.exe C:\Users\Students\AppData\Roaming\npm\node_modules\firebase-tools\lib\bin\firebase.js init
[debug] [2024-03-22T14:24:25.090Z] CLI Version:   13.4.0
[debug] [2024-03-22T14:24:25.090Z] Platform:      win32
[debug] [2024-03-22T14:24:25.090Z] Node Version:  v21.1.0
[debug] [2024-03-22T14:24:25.091Z] Time:          Fri Mar 22 2024 16:24:25 GMT+0200 (South Africa Standard Time)
[debug] [2024-03-22T14:24:25.091Z] ----------------------------------------------------------------------
[debug] 
[debug] [2024-03-22T14:24:25.095Z] >>> [apiv2][query] GET https://firebase-public.firebaseio.com/cli.json [none]
[debug] [2024-03-22T14:24:25.271Z] > command requires scopes: ["email","openid","https://www.googleapis.com/auth/cloudplatformprojects.readonly","https://www.googleapis.com/auth/firebase","https://www.googleapis.com/auth/cloud-platform"]
[debug] [2024-03-22T14:24:25.274Z] > authorizing via signed-in user (siyamthandatsobo@gmail.com)
[info] 
     ######## #### ########  ######## ########     ###     ######  ########
     ##        ##  ##     ## ##       ##     ##  ##   ##  ##       ##
     ######    ##  ########  ######   ########  #########  ######  ######
     ##        ##  ##    ##  ##       ##     ## ##     ##       ## ##
     ##       #### ##     ## ######## ########  ##     ##  ######  ########

You're about to initialize a Firebase project in this directory:

  C:\Users\Students\Documents\Capstone\frontend

Before we get started, keep in mind:

  * You are initializing within an existing Firebase project directory

[debug] [2024-03-22T14:24:25.930Z] <<< [apiv2][status] GET https://firebase-public.firebaseio.com/cli.json 200
[debug] [2024-03-22T14:24:25.930Z] <<< [apiv2][body] GET https://firebase-public.firebaseio.com/cli.json {"cloudBuildErrorAfter":1594252800000,"cloudBuildWarnAfter":1590019200000,"defaultNode10After":1594252800000,"minVersion":"3.0.5","node8DeploysDisabledAfter":1613390400000,"node8RuntimeDisabledAfter":1615809600000,"node8WarnAfter":1600128000000}
